<?xml version="1.0" encoding="UTF-8"?>
<!-- Generated by org.testng.reporters.JUnitReportReporter -->
<testsuite hostname="DESKTOP-UOSJI6I" failures="0" tests="13" name="com.testcases.LoginTest" time="344.827" errors="0" timestamp="2022-06-30T12:29:12 IST" skipped="0">
  <testcase classname="com.testcases.LoginTest" name="loginWithCredentials" time="28.911"/>
  <system-out/>
  <testcase classname="com.testcases.LoginTest" name="registrationDetailsTest" time="23.235"/>
  <system-out/>
  <testcase classname="com.testcases.LoginTest" name="loginWithCredentials" time="30.545"/>
  <system-out/>
  <testcase classname="com.testcases.LoginTest" name="authenticationTest" time="27.715"/>
  <system-out/>
  <testcase classname="com.testcases.LoginTest" name="loginWithCredentials" time="29.290"/>
  <system-out/>
  <testcase classname="com.testcases.LoginTest" name="loginWithCredentials" time="26.359"/>
  <system-out/>
  <testcase classname="com.testcases.LoginTest" name="insertOnlyValidPassword" time="23.514"/>
  <system-out/>
  <testcase classname="com.testcases.LoginTest" name="loginWithCredentials" time="28.694"/>
  <system-out/>
  <testcase classname="com.testcases.LoginTest" name="maskingPasswordTest" time="22.209"/>
  <system-out/>
  <testcase classname="com.testcases.LoginTest" name="loginWithCredentials" time="25.368"/>
  <system-out/>
  <testcase classname="com.testcases.LoginTest" name="passwordStrengthTest" time="26.862"/>
  <system-out/>
  <testcase classname="com.testcases.LoginTest" name="loginWithCredentials" time="22.032"/>
  <system-out/>
  <testcase classname="com.testcases.LoginTest" name="loginWithCredentials" time="30.093"/>
  <system-out/>
</testsuite> <!-- com.testcases.LoginTest -->
