<?xml version="1.0" encoding="UTF-8"?>
<!-- Generated by org.testng.reporters.JUnitReportReporter -->
<testsuite hostname="DESKTOP-UOSJI6I" failures="0" tests="1" name="com.testcases.HomePageTest" time="27.221" errors="0" timestamp="2022-03-30T11:02:04 IST" skipped="0">
  <testcase classname="com.testcases.HomePageTest" name="addToBasketWithErrorTest" time="27.221"/>
  <system-out/>
</testsuite> <!-- com.testcases.HomePageTest -->
