<?xml version="1.0" encoding="UTF-8"?>
<!-- Generated by org.testng.reporters.JUnitReportReporter -->
<testsuite hostname="DESKTOP-UOSJI6I" failures="0" tests="4" name="com.testcases.BillingPageTest" time="164.290" errors="0" timestamp="2022-08-27T13:44:53 IST" skipped="0">
  <testcase classname="com.testcases.BillingPageTest" name="billingTest" time="41.150"/>
  <system-out/>
  <testcase classname="com.testcases.BillingPageTest" name="billingTest" time="39.445"/>
  <system-out/>
  <testcase classname="com.testcases.BillingPageTest" name="billingTest" time="44.083"/>
  <system-out/>
  <testcase classname="com.testcases.BillingPageTest" name="billingTest" time="39.612"/>
  <system-out/>
</testsuite> <!-- com.testcases.BillingPageTest -->
