<?xml version="1.0" encoding="UTF-8"?>
<!-- Generated by org.testng.reporters.JUnitReportReporter -->
<testsuite hostname="DESKTOP-UOSJI6I" failures="0" tests="1" name="com.testcases.LoginTest" time="64.333" errors="0" timestamp="2022-05-14T13:03:07 IST" skipped="0">
  <testcase classname="com.testcases.LoginTest" name="authenticationTest" time="64.333"/>
  <system-out/>
</testsuite> <!-- com.testcases.LoginTest -->
