<?xml version="1.0" encoding="UTF-8"?>
<!-- Generated by org.testng.reporters.JUnitReportReporter -->
<testsuite hostname="DESKTOP-UOSJI6I" failures="0" tests="1" name="com.testcases.BasketPageTest" time="40.824" errors="0" timestamp="2022-06-29T12:04:33 IST" skipped="0">
  <testcase classname="com.testcases.BasketPageTest" name="couponTest" time="40.824"/>
  <system-out/>
</testsuite> <!-- com.testcases.BasketPageTest -->
