<?xml version="1.0" encoding="UTF-8"?>
<!-- Generated by org.testng.reporters.JUnitReportReporter -->
<testsuite hostname="DESKTOP-UOSJI6I" failures="0" tests="4" name="com.testcases.BillingPageTest" time="203.987" errors="0" timestamp="2022-03-30T11:53:38 IST" skipped="0">
  <testcase classname="com.testcases.BillingPageTest" name="billingTest" time="38.968"/>
  <system-out/>
  <testcase classname="com.testcases.BillingPageTest" name="billingTest" time="62.828"/>
  <system-out/>
  <testcase classname="com.testcases.BillingPageTest" name="billingTest" time="59.753"/>
  <system-out/>
  <testcase classname="com.testcases.BillingPageTest" name="billingTest" time="42.438"/>
  <system-out/>
</testsuite> <!-- com.testcases.BillingPageTest -->
