<?xml version="1.0" encoding="UTF-8"?>
<!-- Generated by org.testng.reporters.JUnitReportReporter -->
<testsuite hostname="DESKTOP-UOSJI6I" failures="0" tests="1" name="com.testcases.HomePageTest" time="34.286" errors="0" timestamp="2022-12-11T16:17:56 IST" skipped="0">
  <testcase classname="com.testcases.HomePageTest" name="arrivalsIsDisplayedTest" time="34.286"/>
  <system-out/>
</testsuite> <!-- com.testcases.HomePageTest -->
